Files already downloaded and verified
Files already downloaded and verified
Using device: cuda
Loading teacher 0.25 from outputs/dynamic_fixed_25_20260331_142414/best_model.pt
Loading teacher 0.50 from outputs/dynamic_fixed_50_20260331_125625/best_model.pt
Loading teacher 0.75 from outputs/dynamic_fixed_75_20260331_142423/best_model.pt
Loading teacher 1.00_dense from outputs/baseline_dense_vit_20260323_122212/best_model.pt

Evaluating teacher 0.25
Teacher 0.25 | processed sample 0
Teacher 0.25 | processed sample 1000
Teacher 0.25 | processed sample 2000
Teacher 0.25 | processed sample 3000
Teacher 0.25 | processed sample 4000
Teacher 0.25 | processed sample 5000
Teacher 0.25 | processed sample 6000
Teacher 0.25 | processed sample 7000
Teacher 0.25 | processed sample 8000
Teacher 0.25 | processed sample 9000
Teacher 0.25 done. Labels assigned so far: 7583

Evaluating teacher 0.50
Teacher 0.50 | processed sample 0
Teacher 0.50 | processed sample 1000
Teacher 0.50 | processed sample 2000
Teacher 0.50 | processed sample 3000
Teacher 0.50 | processed sample 4000
Teacher 0.50 | processed sample 5000
Teacher 0.50 | processed sample 6000
Teacher 0.50 | processed sample 7000
Teacher 0.50 | processed sample 8000
Teacher 0.50 | processed sample 9000
Teacher 0.50 done. Labels assigned so far: 8575

Evaluating teacher 0.75
Teacher 0.75 | processed sample 0
Teacher 0.75 | processed sample 1000
Teacher 0.75 | processed sample 2000
Teacher 0.75 | processed sample 3000
Teacher 0.75 | processed sample 4000
Teacher 0.75 | processed sample 5000
Teacher 0.75 | processed sample 6000
Teacher 0.75 | processed sample 7000
Teacher 0.75 | processed sample 8000
Teacher 0.75 | processed sample 9000
Teacher 0.75 done. Labels assigned so far: 8965

Evaluating teacher 1.00_dense
Teacher 1.00_dense | processed sample 0
Teacher 1.00_dense | processed sample 1000
Teacher 1.00_dense | processed sample 2000
Teacher 1.00_dense | processed sample 3000
Teacher 1.00_dense | processed sample 4000
Teacher 1.00_dense | processed sample 5000
Teacher 1.00_dense | processed sample 6000
Teacher 1.00_dense | processed sample 7000
Teacher 1.00_dense | processed sample 8000
Teacher 1.00_dense | processed sample 9000
Teacher 1.00_dense done. Labels assigned so far: 9178

Saved oracle budget labels to: /mnt/aiongpfs/users/aarshad/compute-aware-vit-thesis/data/budget_labels_val.json
Total labeled samples: 10000
